#
# There is insufficient memory for the Java Runtime Environment to continue.
# Native memory allocation (malloc) failed to allocate 32744 bytes for ChunkPool::allocate
# Possible reasons:
#   The system is out of physical RAM or swap space
#   The process is running with CompressedOops enabled, and the Java Heap may be blocking the growth of the native heap
# Possible solutions:
#   Reduce memory load on the system
#   Increase physical memory or swap space
#   Check if swap backing store is full
#   Decrease Java heap size (-Xmx/-Xms)
#   Decrease number of Java threads
#   Decrease Java thread stack sizes (-Xss)
#   Set larger code cache with -XX:ReservedCodeCacheSize=
#   JVM is running with Unscaled Compressed Oops mode in which the Java heap is
#     placed in the first 4GB address space. The Java Heap base address is the
#     maximum limit for the native heap growth. Please use -XX:HeapBaseMinAddress
#     to set the Java Heap base and to place the Java Heap above 4GB virtual address.
# This output file may be truncated or incomplete.
#
#  Out of Memory Error (allocation.cpp:272), pid=9684, tid=0x0000000000001608
#
# JRE version: Java(TM) SE Runtime Environment (8.0_231-b11) (build 1.8.0_231-b11)
# Java VM: Java HotSpot(TM) 64-Bit Server VM (25.231-b11 mixed mode windows-amd64 compressed oops)
# Failed to write core dump. Minidumps are not enabled by default on client versions of Windows
#

---------------  T H R E A D  ---------------

Current thread (0x000000001ac6f800):  JavaThread "C1 CompilerThread3" daemon [_thread_in_native, id=5640, stack(0x000000001b7a0000,0x000000001b8a0000)]

Stack: [0x000000001b7a0000,0x000000001b8a0000]
[error occurred during error reporting (printing stack bounds), id 0xc0000005]

Native frames: (J=compiled Java code, j=interpreted, Vv=VM code, C=native code)


Current CompileTask:
C1:   2206 1465       1       org.springframework.asm.ClassReader::readCode (5085 bytes)


---------------  P R O C E S S  ---------------

Java Threads: ( => current thread )
  0x000000001b217800 JavaThread "background-preinit" [_thread_in_Java, id=6156, stack(0x000000001be50000,0x000000001bf50000)]
  0x000000001af42000 JavaThread "RMI TCP Accept-0" daemon [_thread_in_native, id=9364, stack(0x000000001b9a0000,0x000000001baa0000)]
  0x000000001ad0e000 JavaThread "Service Thread" daemon [_thread_blocked, id=12860, stack(0x000000001b8a0000,0x000000001b9a0000)]
=>0x000000001ac6f800 JavaThread "C1 CompilerThread3" daemon [_thread_in_native, id=5640, stack(0x000000001b7a0000,0x000000001b8a0000)]
  0x000000001ac6e800 JavaThread "C2 CompilerThread2" daemon [_thread_blocked, id=2460, stack(0x000000001b6a0000,0x000000001b7a0000)]
  0x000000001ac6e000 JavaThread "C2 CompilerThread1" daemon [_thread_blocked, id=13080, stack(0x000000001b5a0000,0x000000001b6a0000)]
  0x000000001ac6a000 JavaThread "C2 CompilerThread0" daemon [_thread_blocked, id=4368, stack(0x000000001b4a0000,0x000000001b5a0000)]
  0x000000001ac76800 JavaThread "Monitor Ctrl-Break" daemon [_thread_in_native, id=14732, stack(0x000000001b3a0000,0x000000001b4a0000)]
  0x000000001a3e3800 JavaThread "Attach Listener" daemon [_thread_blocked, id=14848, stack(0x000000001aaa0000,0x000000001aba0000)]
  0x000000001a438000 JavaThread "Signal Dispatcher" daemon [_thread_blocked, id=11348, stack(0x000000001a9a0000,0x000000001aaa0000)]
  0x000000001a3c0800 JavaThread "Finalizer" daemon [_thread_blocked, id=13296, stack(0x000000001a8a0000,0x000000001a9a0000)]
  0x00000000185cd800 JavaThread "Reference Handler" daemon [_thread_blocked, id=984, stack(0x000000001a7a0000,0x000000001a8a0000)]
  0x0000000003388800 JavaThread "main" [_thread_in_vm, id=4336, stack(0x0000000003280000,0x0000000003380000)]

Other Threads:
  0x00000000185c5800 VMThread [stack: 0x000000001a2a0000,0x000000001a3a0000] [id=11676]
  0x000000001af50000 WatcherThread [stack: 0x000000001baa0000,0x000000001bba0000] [id=1828]

VM state:not at safepoint (normal execution)

VM Mutex/Monitor currently owned by a thread: None

heap address: 0x0000000081c00000, size: 2020 MB, Compressed Oops mode: 32-bit
Narrow klass base: 0x0000000000000000, Narrow klass shift: 3
Compressed class space size: 1073741824 Address: 0x0000000100000000

Heap:
 PSYoungGen      total 38400K, used 36339K [0x00000000d5f00000, 0x00000000d8980000, 0x0000000100000000)
  eden space 33280K, 93% used [0x00000000d5f00000,0x00000000d7d824e8,0x00000000d7f80000)
  from space 5120K, 99% used [0x00000000d7f80000,0x00000000d847a880,0x00000000d8480000)
  to   space 5120K, 0% used [0x00000000d8480000,0x00000000d8480000,0x00000000d8980000)
 ParOldGen       total 87552K, used 2890K [0x0000000081c00000, 0x0000000087180000, 0x00000000d5f00000)
  object space 87552K, 3% used [0x0000000081c00000,0x0000000081ed2b18,0x0000000087180000)
 Metaspace       used 19585K, capacity 20114K, committed 20224K, reserved 1067008K
  class space    used 2607K, capacity 2765K, committed 2816K, reserved 1048576K

Card table byte_map: [0x0000000012a10000,0x0000000012e10000] byte_map_base: 0x0000000012602000

Marking Bits: (ParMarkBitMap*) 0x0000000075c76d90
 Begin Bits: [0x00000000138c0000, 0x0000000015850000)
 End Bits:   [0x0000000015850000, 0x00000000177e0000)

Polling page: 0x0000000001110000

CodeCache: size=245760Kb used=3329Kb max_used=3329Kb free=242430Kb
 bounds [0x0000000003650000, 0x00000000039a0000, 0x0000000012650000]
 total_blobs=1859 nmethods=1465 adapters=306
 compilation: enabled

Compilation events (10 events):
Event: 2.186 Thread 0x000000001ac6f800 nmethod 1460 0x000000000398e5d0 code [0x000000000398e720, 0x000000000398e810]
Event: 2.186 Thread 0x000000001ac6f800 1461       1       java.lang.invoke.InnerClassLambdaMetafactory::access$700 (5 bytes)
Event: 2.186 Thread 0x000000001ac6f800 nmethod 1461 0x000000000398e890 code [0x000000000398e9e0, 0x000000000398ead0]
Event: 2.186 Thread 0x000000001ac6f800 1462       1       java.lang.invoke.MethodHandles$Lookup::checkSecurityManager (87 bytes)
Event: 2.187 Thread 0x000000001ac6f800 nmethod 1462 0x000000000398eb50 code [0x000000000398ed60, 0x000000000398f298]
Event: 2.188 Thread 0x000000001ac6f800 1463       1       jdk.internal.org.objectweb.asm.ClassWriter::<init> (122 bytes)
Event: 2.188 Thread 0x000000001ac6f800 nmethod 1463 0x000000000398f750 code [0x000000000398f900, 0x000000000398fe48]
Event: 2.188 Thread 0x000000001ac6f800 1464       1       jdk.internal.org.objectweb.asm.ClassVisitor::<init> (7 bytes)
Event: 2.188 Thread 0x000000001ac6f800 nmethod 1464 0x000000000398ffd0 code [0x0000000003990140, 0x0000000003990328]
Event: 2.188 Thread 0x000000001ac6f800 1465       1       org.springframework.asm.ClassReader::readCode (5085 bytes)

GC Heap History (6 events):
Event: 1.663 GC heap before
{Heap before GC invocations=1 (full 0):
 PSYoungGen      total 38400K, used 33280K [0x00000000d5f00000, 0x00000000d8980000, 0x0000000100000000)
  eden space 33280K, 100% used [0x00000000d5f00000,0x00000000d7f80000,0x00000000d7f80000)
  from space 5120K, 0% used [0x00000000d8480000,0x00000000d8480000,0x00000000d8980000)
  to   space 5120K, 0% used [0x00000000d7f80000,0x00000000d7f80000,0x00000000d8480000)
 ParOldGen       total 87552K, used 0K [0x0000000081c00000, 0x0000000087180000, 0x00000000d5f00000)
  object space 87552K, 0% used [0x0000000081c00000,0x0000000081c00000,0x0000000087180000)
 Metaspace       used 11695K, capacity 11952K, committed 12032K, reserved 1060864K
  class space    used 1449K, capacity 1512K, committed 1536K, reserved 1048576K
Event: 1.668 GC heap after
Heap after GC invocations=1 (full 0):
 PSYoungGen      total 38400K, used 5109K [0x00000000d5f00000, 0x00000000d8980000, 0x0000000100000000)
  eden space 33280K, 0% used [0x00000000d5f00000,0x00000000d5f00000,0x00000000d7f80000)
  from space 5120K, 99% used [0x00000000d7f80000,0x00000000d847d590,0x00000000d8480000)
  to   space 5120K, 0% used [0x00000000d8480000,0x00000000d8480000,0x00000000d8980000)
 ParOldGen       total 87552K, used 422K [0x0000000081c00000, 0x0000000087180000, 0x00000000d5f00000)
  object space 87552K, 0% used [0x0000000081c00000,0x0000000081c69870,0x0000000087180000)
 Metaspace       used 11695K, capacity 11952K, committed 12032K, reserved 1060864K
  class space    used 1449K, capacity 1512K, committed 1536K, reserved 1048576K
}
Event: 1.854 GC heap before
{Heap before GC invocations=2 (full 0):
 PSYoungGen      total 38400K, used 38389K [0x00000000d5f00000, 0x00000000d8980000, 0x0000000100000000)
  eden space 33280K, 100% used [0x00000000d5f00000,0x00000000d7f80000,0x00000000d7f80000)
  from space 5120K, 99% used [0x00000000d7f80000,0x00000000d847d590,0x00000000d8480000)
  to   space 5120K, 0% used [0x00000000d8480000,0x00000000d8480000,0x00000000d8980000)
 ParOldGen       total 87552K, used 422K [0x0000000081c00000, 0x0000000087180000, 0x00000000d5f00000)
  object space 87552K, 0% used [0x0000000081c00000,0x0000000081c69870,0x0000000087180000)
 Metaspace       used 14293K, capacity 14736K, committed 14848K, reserved 1062912K
  class space    used 1893K, capacity 2018K, committed 2048K, reserved 1048576K
Event: 1.864 GC heap after
Heap after GC invocations=2 (full 0):
 PSYoungGen      total 38400K, used 5104K [0x00000000d5f00000, 0x00000000d8980000, 0x0000000100000000)
  eden space 33280K, 0% used [0x00000000d5f00000,0x00000000d5f00000,0x00000000d7f80000)
  from space 5120K, 99% used [0x00000000d8480000,0x00000000d897c108,0x00000000d8980000)
  to   space 5120K, 0% used [0x00000000d7f80000,0x00000000d7f80000,0x00000000d8480000)
 ParOldGen       total 87552K, used 1177K [0x0000000081c00000, 0x0000000087180000, 0x00000000d5f00000)
  object space 87552K, 1% used [0x0000000081c00000,0x0000000081d26708,0x0000000087180000)
 Metaspace       used 14293K, capacity 14736K, committed 14848K, reserved 1062912K
  class space    used 1893K, capacity 2018K, committed 2048K, reserved 1048576K
}
Event: 2.014 GC heap before
{Heap before GC invocations=3 (full 0):
 PSYoungGen      total 38400K, used 38384K [0x00000000d5f00000, 0x00000000d8980000, 0x0000000100000000)
  eden space 33280K, 100% used [0x00000000d5f00000,0x00000000d7f80000,0x00000000d7f80000)
  from space 5120K, 99% used [0x00000000d8480000,0x00000000d897c108,0x00000000d8980000)
  to   space 5120K, 0% used [0x00000000d7f80000,0x00000000d7f80000,0x00000000d8480000)
 ParOldGen       total 87552K, used 1177K [0x0000000081c00000, 0x0000000087180000, 0x00000000d5f00000)
  object space 87552K, 1% used [0x0000000081c00000,0x0000000081d26708,0x0000000087180000)
 Metaspace       used 16491K, capacity 17002K, committed 17280K, reserved 1064960K
  class space    used 2226K, capacity 2363K, committed 2432K, reserved 1048576K
Event: 2.020 GC heap after
Heap after GC invocations=3 (full 0):
 PSYoungGen      total 38400K, used 5098K [0x00000000d5f00000, 0x00000000d8980000, 0x0000000100000000)
  eden space 33280K, 0% used [0x00000000d5f00000,0x00000000d5f00000,0x00000000d7f80000)
  from space 5120K, 99% used [0x00000000d7f80000,0x00000000d847a880,0x00000000d8480000)
  to   space 5120K, 0% used [0x00000000d8480000,0x00000000d8480000,0x00000000d8980000)
 ParOldGen       total 87552K, used 2890K [0x0000000081c00000, 0x0000000087180000, 0x00000000d5f00000)
  object space 87552K, 3% used [0x0000000081c00000,0x0000000081ed2b18,0x0000000087180000)
 Metaspace       used 16491K, capacity 17002K, committed 17280K, reserved 1064960K
  class space    used 2226K, capacity 2363K, committed 2432K, reserved 1048576K
}

Deoptimization events (0 events):
No events

Classes redefined (0 events):
No events

Internal exceptions (10 events):
Event: 2.073 Thread 0x0000000003388800 Exception <a 'java/lang/ClassNotFoundException': org/springframework/beans/factory/config/BeanFactoryPostProcessorCustomizer> (0x00000000d6a17e48) thrown at [C:\re\workspace\8-2-build-windows-amd64-cygwin\jdk8u231\13620\hotspot\src\share\vm\classfile\syst
Event: 2.074 Thread 0x0000000003388800 Exception <a 'java/lang/ClassNotFoundException': org/springframework/core/PriorityOrderedCustomizer> (0x00000000d6a2f268) thrown at [C:\re\workspace\8-2-build-windows-amd64-cygwin\jdk8u231\13620\hotspot\src\share\vm\classfile\systemDictionary.cpp, line 21
Event: 2.074 Thread 0x0000000003388800 Exception <a 'java/lang/ClassNotFoundException': org/springframework/core/OrderedCustomizer> (0x00000000d6a43050) thrown at [C:\re\workspace\8-2-build-windows-amd64-cygwin\jdk8u231\13620\hotspot\src\share\vm\classfile\systemDictionary.cpp, line 210]
Event: 2.075 Thread 0x0000000003388800 Exception <a 'java/lang/ClassNotFoundException': org/springframework/context/ResourceLoaderAwareCustomizer> (0x00000000d6ac10b0) thrown at [C:\re\workspace\8-2-build-windows-amd64-cygwin\jdk8u231\13620\hotspot\src\share\vm\classfile\systemDictionary.cpp, 
Event: 2.076 Thread 0x0000000003388800 Exception <a 'java/lang/ClassNotFoundException': org/springframework/beans/factory/AwareCustomizer> (0x00000000d6ad87a0) thrown at [C:\re\workspace\8-2-build-windows-amd64-cygwin\jdk8u231\13620\hotspot\src\share\vm\classfile\systemDictionary.cpp, line 210
Event: 2.077 Thread 0x0000000003388800 Exception <a 'java/lang/ClassNotFoundException': org/springframework/beans/factory/BeanClassLoaderAwareCustomizer> (0x00000000d6af3c90) thrown at [C:\re\workspace\8-2-build-windows-amd64-cygwin\jdk8u231\13620\hotspot\src\share\vm\classfile\systemDictionar
Event: 2.077 Thread 0x0000000003388800 Exception <a 'java/lang/ClassNotFoundException': org/springframework/beans/factory/AwareCustomizer> (0x00000000d6b0b398) thrown at [C:\re\workspace\8-2-build-windows-amd64-cygwin\jdk8u231\13620\hotspot\src\share\vm\classfile\systemDictionary.cpp, line 210
Event: 2.078 Thread 0x0000000003388800 Exception <a 'java/lang/ClassNotFoundException': org/springframework/context/EnvironmentAwareCustomizer> (0x00000000d6b233c0) thrown at [C:\re\workspace\8-2-build-windows-amd64-cygwin\jdk8u231\13620\hotspot\src\share\vm\classfile\systemDictionary.cpp, lin
Event: 2.078 Thread 0x0000000003388800 Exception <a 'java/lang/ClassNotFoundException': org/springframework/beans/factory/AwareCustomizer> (0x00000000d6b3a9a8) thrown at [C:\re\workspace\8-2-build-windows-amd64-cygwin\jdk8u231\13620\hotspot\src\share\vm\classfile\systemDictionary.cpp, line 210
Event: 2.108 Thread 0x0000000003388800 Exception <a 'java/lang/NoSuchMethodError': java.lang.Object.lambda$comparing$77a9974f$1(Ljava/util/function/Function;Ljava/lang/Object;Ljava/lang/Object;)I> (0x00000000d6ff2680) thrown at [C:\re\workspace\8-2-build-windows-amd64-cygwin\jdk8u231\13620\hot

Events (10 events):
Event: 2.200 loading class com/fasterxml/jackson/datatype/jsr310/ser/DurationSerializer
Event: 2.200 loading class com/fasterxml/jackson/datatype/jsr310/ser/DurationSerializer done
Event: 2.201 loading class com/fasterxml/jackson/datatype/jsr310/ser/JSR310FormattedSerializerBase
Event: 2.201 loading class com/fasterxml/jackson/datatype/jsr310/ser/JSR310FormattedSerializerBase done
Event: 2.201 loading class com/fasterxml/jackson/datatype/jsr310/ser/JSR310SerializerBase
Event: 2.201 loading class com/fasterxml/jackson/datatype/jsr310/ser/JSR310SerializerBase done
Event: 2.202 loading class com/fasterxml/jackson/databind/module/SimpleSerializers
Event: 2.202 loading class com/fasterxml/jackson/databind/module/SimpleSerializers done
Event: 2.202 loading class org/springframework/transaction/annotation/Transactional
Event: 2.202 loading class org/springframework/transaction/annotation/Transactional done


Dynamic libraries:
0x00007ff7f78f0000 - 0x00007ff7f7927000 	C:\Program Files\Java\jdk1.8.0_231\bin\java.exe
0x00007ff9d2100000 - 0x00007ff9d22f0000 	C:\WINDOWS\SYSTEM32\ntdll.dll
0x00007ff9d09d0000 - 0x00007ff9d0a82000 	C:\WINDOWS\System32\KERNEL32.DLL
0x00007ff9cf090000 - 0x00007ff9cf333000 	C:\WINDOWS\System32\KERNELBASE.dll
0x00007ff9d0a90000 - 0x00007ff9d0b33000 	C:\WINDOWS\System32\ADVAPI32.dll
0x00007ff9d1e60000 - 0x00007ff9d1efe000 	C:\WINDOWS\System32\msvcrt.dll
0x00007ff9d0b50000 - 0x00007ff9d0be7000 	C:\WINDOWS\System32\sechost.dll
0x00007ff9d0d50000 - 0x00007ff9d0e70000 	C:\WINDOWS\System32\RPCRT4.dll
0x00007ff9d0280000 - 0x00007ff9d0414000 	C:\WINDOWS\System32\USER32.dll
0x00007ff9cf640000 - 0x00007ff9cf661000 	C:\WINDOWS\System32\win32u.dll
0x00007ff9d0420000 - 0x00007ff9d0446000 	C:\WINDOWS\System32\GDI32.dll
0x00007ff9cfe40000 - 0x00007ff9cffd4000 	C:\WINDOWS\System32\gdi32full.dll
0x00007ff9d00b0000 - 0x00007ff9d014e000 	C:\WINDOWS\System32\msvcp_win.dll
0x00007ff9cf3f0000 - 0x00007ff9cf4ea000 	C:\WINDOWS\System32\ucrtbase.dll
0x00007ff9bebe0000 - 0x00007ff9bee65000 	C:\WINDOWS\WinSxS\amd64_microsoft.windows.common-controls_6595b64144ccf1df_6.0.18362.720_none_e6beb5c51314836b\COMCTL32.dll
0x00007ff9d0ef0000 - 0x00007ff9d1226000 	C:\WINDOWS\System32\combase.dll
0x00007ff9cffe0000 - 0x00007ff9d0060000 	C:\WINDOWS\System32\bcryptPrimitives.dll
0x00007ff9d1dd0000 - 0x00007ff9d1dfe000 	C:\WINDOWS\System32\IMM32.DLL
0x0000000075d00000 - 0x0000000075dd2000 	C:\Program Files\Java\jdk1.8.0_231\jre\bin\msvcr100.dll
0x0000000075450000 - 0x0000000075cf6000 	C:\Program Files\Java\jdk1.8.0_231\jre\bin\server\jvm.dll
0x00007ff9d0ee0000 - 0x00007ff9d0ee8000 	C:\WINDOWS\System32\PSAPI.DLL
0x00007ff9b5d20000 - 0x00007ff9b5d29000 	C:\WINDOWS\SYSTEM32\WSOCK32.dll
0x00007ff9d0e70000 - 0x00007ff9d0edf000 	C:\WINDOWS\System32\WS2_32.dll
0x00007ff9cc7c0000 - 0x00007ff9cc7e4000 	C:\WINDOWS\SYSTEM32\WINMM.dll
0x00007ff9c44a0000 - 0x00007ff9c44aa000 	C:\WINDOWS\SYSTEM32\VERSION.dll
0x00007ff9cc790000 - 0x00007ff9cc7bd000 	C:\WINDOWS\SYSTEM32\WINMMBASE.dll
0x00007ff9cf670000 - 0x00007ff9cf6ba000 	C:\WINDOWS\System32\cfgmgr32.dll
0x00007ff9c77e0000 - 0x00007ff9c77ef000 	C:\Program Files\Java\jdk1.8.0_231\jre\bin\verify.dll
0x00007ff9c77b0000 - 0x00007ff9c77d9000 	C:\Program Files\Java\jdk1.8.0_231\jre\bin\java.dll
0x00007ff9c1c80000 - 0x00007ff9c1ca3000 	C:\Program Files\Java\jdk1.8.0_231\jre\bin\instrument.dll
0x00007ff9c7790000 - 0x00007ff9c77a6000 	C:\Program Files\Java\jdk1.8.0_231\jre\bin\zip.dll
0x00007ff9d1630000 - 0x00007ff9d1d15000 	C:\WINDOWS\System32\SHELL32.dll
0x00007ff9d0920000 - 0x00007ff9d09c9000 	C:\WINDOWS\System32\shcore.dll
0x00007ff9cf6c0000 - 0x00007ff9cfe40000 	C:\WINDOWS\System32\windows.storage.dll
0x00007ff9cf040000 - 0x00007ff9cf063000 	C:\WINDOWS\System32\profapi.dll
0x00007ff9cefd0000 - 0x00007ff9cf01a000 	C:\WINDOWS\System32\powrprof.dll
0x00007ff9cefc0000 - 0x00007ff9cefd0000 	C:\WINDOWS\System32\UMPDC.dll
0x00007ff9d0450000 - 0x00007ff9d04a2000 	C:\WINDOWS\System32\shlwapi.dll
0x00007ff9cf020000 - 0x00007ff9cf031000 	C:\WINDOWS\System32\kernel.appcore.dll
0x00007ff9d0090000 - 0x00007ff9d00a7000 	C:\WINDOWS\System32\cryptsp.dll
0x00007ff9c1c60000 - 0x00007ff9c1c7a000 	D:\Program Files (x86)\IntelliJ IDEA 2019.3.3\bin\breakgen64.dll
0x00007ff9c7770000 - 0x00007ff9c778a000 	C:\Program Files\Java\jdk1.8.0_231\jre\bin\net.dll
0x00007ff9ce830000 - 0x00007ff9ce897000 	C:\WINDOWS\system32\mswsock.dll
0x00007ff9ce580000 - 0x00007ff9ce64a000 	C:\WINDOWS\SYSTEM32\DNSAPI.dll
0x00007ff9d0b40000 - 0x00007ff9d0b48000 	C:\WINDOWS\System32\NSI.dll
0x00007ff9ce540000 - 0x00007ff9ce57a000 	C:\WINDOWS\SYSTEM32\IPHLPAPI.DLL
0x00000000500b0000 - 0x00000000500ba000 	C:\Program Files\National Instruments\Shared\mDNS Responder\nimdnsNSP.dll
0x00000000500a0000 - 0x00000000500b0000 	C:\WINDOWS\SYSTEM32\nimdnsResponder.dll
0x00007ff9c8b20000 - 0x00007ff9c8b36000 	C:\WINDOWS\SYSTEM32\VCRUNTIME140.dll
0x00007ff9c7d90000 - 0x00007ff9c7d9a000 	C:\Windows\System32\rasadhlp.dll
0x00007ff9c18c0000 - 0x00007ff9c1937000 	C:\WINDOWS\System32\fwpuclnt.dll
0x00007ff9d0060000 - 0x00007ff9d0086000 	C:\WINDOWS\System32\bcrypt.dll
0x00007ff9cb180000 - 0x00007ff9cb18d000 	C:\Program Files\Java\jdk1.8.0_231\jre\bin\management.dll
0x00007ff9c7750000 - 0x00007ff9c7762000 	C:\Program Files\Java\jdk1.8.0_231\jre\bin\nio.dll
0x00007ff9ce3a0000 - 0x00007ff9ce3d3000 	C:\WINDOWS\system32\rsaenh.dll
0x00007ff9ceee0000 - 0x00007ff9cef05000 	C:\WINDOWS\SYSTEM32\USERENV.dll
0x00007ff9cea00000 - 0x00007ff9cea0c000 	C:\WINDOWS\SYSTEM32\CRYPTBASE.dll
0x00007ff9c1a10000 - 0x00007ff9c1a26000 	C:\WINDOWS\SYSTEM32\dhcpcsvc6.DLL
0x00007ff9c1fc0000 - 0x00007ff9c1fdc000 	C:\WINDOWS\SYSTEM32\dhcpcsvc.DLL
0x00007ff9b2210000 - 0x00007ff9b2226000 	C:\WINDOWS\system32\napinsp.dll
0x00007ff9b21f0000 - 0x00007ff9b220a000 	C:\WINDOWS\system32\pnrpnsp.dll
0x00007ff9b21e0000 - 0x00007ff9b21ee000 	C:\WINDOWS\System32\winrnr.dll
0x00007ff9cb020000 - 0x00007ff9cb03c000 	C:\WINDOWS\system32\NLAapi.dll
0x00007ff9ca480000 - 0x00007ff9ca495000 	C:\WINDOWS\system32\wshbth.dll

VM Arguments:
jvm_args: -XX:TieredStopAtLevel=1 -Xverify:none -Dspring.output.ansi.enabled=always -Dcom.sun.management.jmxremote -Dspring.jmx.enabled=true -Dspring.liveBeansView.mbeanDomain -Dspring.application.admin.enabled=true -javaagent:D:\Program Files (x86)\IntelliJ IDEA 2019.3.3\lib\idea_rt.jar=5107:D:\Program Files (x86)\IntelliJ IDEA 2019.3.3\bin -Dfile.encoding=UTF-8 
java_command: cn.edu.sdu.ise.labs.LabsApplication
java_class_path (initial): C:\Program Files\Java\jdk1.8.0_231\jre\lib\charsets.jar;C:\Program Files\Java\jdk1.8.0_231\jre\lib\deploy.jar;C:\Program Files\Java\jdk1.8.0_231\jre\lib\ext\access-bridge-64.jar;C:\Program Files\Java\jdk1.8.0_231\jre\lib\ext\cldrdata.jar;C:\Program Files\Java\jdk1.8.0_231\jre\lib\ext\dnsns.jar;C:\Program Files\Java\jdk1.8.0_231\jre\lib\ext\jaccess.jar;C:\Program Files\Java\jdk1.8.0_231\jre\lib\ext\jfxrt.jar;C:\Program Files\Java\jdk1.8.0_231\jre\lib\ext\localedata.jar;C:\Program Files\Java\jdk1.8.0_231\jre\lib\ext\nashorn.jar;C:\Program Files\Java\jdk1.8.0_231\jre\lib\ext\sunec.jar;C:\Program Files\Java\jdk1.8.0_231\jre\lib\ext\sunjce_provider.jar;C:\Program Files\Java\jdk1.8.0_231\jre\lib\ext\sunmscapi.jar;C:\Program Files\Java\jdk1.8.0_231\jre\lib\ext\sunpkcs11.jar;C:\Program Files\Java\jdk1.8.0_231\jre\lib\ext\zipfs.jar;C:\Program Files\Java\jdk1.8.0_231\jre\lib\javaws.jar;C:\Program Files\Java\jdk1.8.0_231\jre\lib\jce.jar;C:\Program Files\Java\jdk1.8.0_231\jre\lib\jfr.jar;C:\Program Files\Java\jdk1.8.0_231\jre\lib\jfxswt.jar;C:\Program Files\Java\jdk1.8.0_231\jre\lib\jsse.jar;C:\Program Files\Java\jdk1.8.0_231\jre\lib\management-agent.jar;C:\Program Files\Java\jdk1.8.0_231\jre\lib\plugin.jar;C:\Program Files\Java\jdk1.8.0_231\jre\lib\resources.jar;C:\Program Files\Java\jdk1.8.0_231\jre\lib\rt.jar;D:\HTML\labs\target\classes;D:\thundersdata\maven-repository\mysql\mysql-connector-java\5.1.38\mysql-connector-java-5.1.38.jar;D:\thundersdata\maven-repository\org\springframework\boot\spring-boot-starter\2.1.1.RELEASE\spring-boot-starter-2.1.1.RELEASE.jar;D:\thundersdata\maven-repository\org\springframework\boot\spring-boot\2.1.1.RELEASE\spring-boot-2.1.1.RELEASE.jar;D:\thundersdata\maven-repository\org\springframework\spring-context\5.1.3.RELEASE\spring-context-5.1.3.RELEASE.jar;D:\thundersdata\maven-repository\org\springframework\boot\spring-boot-autoconfigure\2.1.1.RELEASE\spring-boot-autoconfigure-2.1.1.RELEASE.jar;D:\thundersdata\maven
Launcher Type: SUN_STANDARD

Environment Variables:
JAVA_HOME=C:\Program Files\Java\jdk1.8.0_231
JRE_HOME=C:\Program Files\Java\jre1.8.0_231
USERNAME=12036
OS=Windows_NT
PROCESSOR_IDENTIFIER=Intel64 Family 6 Model 142 Stepping 10, GenuineIntel



---------------  S Y S T E M  ---------------

OS: Windows 10.0 , 64 bit Build 18362 (10.0.18362.329)

CPU:total 8 (initial active 8) (4 cores per cpu, 2 threads per core) family 6 model 142 stepping 10, cmov, cx8, fxsr, mmx, sse, sse2, sse3, ssse3, sse4.1, sse4.2, popcnt, avx, avx2, aes, clmul, erms, 3dnowpref, lzcnt, ht, tsc, tscinvbit, bmi1, bmi2, adx

Memory: 4k page, physical 8268520k(821184k free), swap 18754276k(2172k free)

vm_info: Java HotSpot(TM) 64-Bit Server VM (25.231-b11) for windows-amd64 JRE (1.8.0_231-b11), built on Oct  5 2019 03:11:30 by "java_re" with MS VC++ 10.0 (VS2010)

time: Tue Apr 07 15:53:06 2020
timezone: 中国标准时间
elapsed time: 2 seconds (0d 0h 0m 2s)

